\BOOKMARK [1][-]{section.1}{Introduction}{}% 1
\BOOKMARK [2][-]{subsection.1.1}{Evaluate the usability of an application}{section.1}% 2
\BOOKMARK [3][-]{subsubsection.1.1.1}{Nielsen's Heuristics}{subsection.1.1}% 3
\BOOKMARK [3][-]{subsubsection.1.1.2}{Material Design}{subsection.1.1}% 4
\BOOKMARK [1][-]{section.2}{Specification of usability requirements identified during analysis and design}{}% 5
\BOOKMARK [2][-]{subsection.2.1}{Identifying the user's specifications}{section.2}% 6
\BOOKMARK [2][-]{subsection.2.2}{User acceptance testing}{section.2}% 7
\BOOKMARK [1][-]{section.3}{Study Setting}{}% 8
\BOOKMARK [2][-]{subsection.3.1}{Evaluation based on experts}{section.3}% 9
\BOOKMARK [1][-]{section.4}{Analysis of the Results}{}% 10
\BOOKMARK [2][-]{subsection.4.1}{Heuristic based analysis}{section.4}% 11
\BOOKMARK [3][-]{subsubsection.4.1.1}{Visibility of System Status}{subsection.4.1}% 12
\BOOKMARK [3][-]{subsubsection.4.1.2}{Match between system and the real world}{subsection.4.1}% 13
\BOOKMARK [3][-]{subsubsection.4.1.3}{User Control and Freedom}{subsection.4.1}% 14
\BOOKMARK [3][-]{subsubsection.4.1.4}{Consistency and standards}{subsection.4.1}% 15
\BOOKMARK [3][-]{subsubsection.4.1.5}{Error Prevention}{subsection.4.1}% 16
\BOOKMARK [3][-]{subsubsection.4.1.6}{Recognition rather than recall}{subsection.4.1}% 17
\BOOKMARK [3][-]{subsubsection.4.1.7}{Flexibility and efficiency of use}{subsection.4.1}% 18
\BOOKMARK [3][-]{subsubsection.4.1.8}{Aesthetic and Minimalist Design}{subsection.4.1}% 19
\BOOKMARK [3][-]{subsubsection.4.1.9}{Help Users Recognize, Diagnose and Recover from Errors}{subsection.4.1}% 20
\BOOKMARK [3][-]{subsubsection.4.1.10}{Help and Documentation}{subsection.4.1}% 21
\BOOKMARK [2][-]{subsection.4.2}{Material Design based analysis}{section.4}% 22
\BOOKMARK [3][-]{subsubsection.4.2.1}{Metaphor}{subsection.4.2}% 23
\BOOKMARK [3][-]{subsubsection.4.2.2}{Bold, Graphic, Intentional}{subsection.4.2}% 24
\BOOKMARK [3][-]{subsubsection.4.2.3}{Motion Provides Meaning}{subsection.4.2}% 25
