\BOOKMARK [1][-]{section.1}{Activity design}{}% 1
\BOOKMARK [2][-]{subsection.1.1}{Activity Metaphors}{section.1}% 2
\BOOKMARK [3][-]{subsubsection.1.1.1}{Deaf Person}{subsection.1.1}% 3
\BOOKMARK [3][-]{subsubsection.1.1.2}{Family and friends}{subsection.1.1}% 4
\BOOKMARK [2][-]{subsection.1.2}{Activity Scenarious}{section.1}% 5
\BOOKMARK [3][-]{subsubsection.1.2.1}{Mario}{subsection.1.2}% 6
\BOOKMARK [3][-]{subsubsection.1.2.2}{Luca}{subsection.1.2}% 7
\BOOKMARK [2][-]{subsection.1.3}{Claim}{section.1}% 8
\BOOKMARK [3][-]{subsubsection.1.3.1}{Mario}{subsection.1.3}% 9
\BOOKMARK [3][-]{subsubsection.1.3.2}{Luca}{subsection.1.3}% 10
\BOOKMARK [1][-]{section.2}{Information design}{}% 11
\BOOKMARK [2][-]{subsection.2.1}{Information Metaphors}{section.2}% 12
\BOOKMARK [3][-]{subsubsection.2.1.1}{Deaf person}{subsection.2.1}% 13
\BOOKMARK [3][-]{subsubsection.2.1.2}{Family and friends}{subsection.2.1}% 14
\BOOKMARK [2][-]{subsection.2.2}{Information Scenarious}{section.2}% 15
\BOOKMARK [3][-]{subsubsection.2.2.1}{Mario}{subsection.2.2}% 16
\BOOKMARK [3][-]{subsubsection.2.2.2}{Luca}{subsection.2.2}% 17
\BOOKMARK [2][-]{subsection.2.3}{Information Claims}{section.2}% 18
\BOOKMARK [3][-]{subsubsection.2.3.1}{Mario}{subsection.2.3}% 19
\BOOKMARK [3][-]{subsubsection.2.3.2}{Luca}{subsection.2.3}% 20
\BOOKMARK [1][-]{section.3}{Interaction design}{}% 21
\BOOKMARK [2][-]{subsection.3.1}{Interaction Metaphors}{section.3}% 22
\BOOKMARK [3][-]{subsubsection.3.1.1}{Deaf person}{subsection.3.1}% 23
\BOOKMARK [3][-]{subsubsection.3.1.2}{Family and friends}{subsection.3.1}% 24
\BOOKMARK [2][-]{subsection.3.2}{Interaction Sketch}{section.3}% 25
\BOOKMARK [3][-]{subsubsection.3.2.1}{Deaf person}{subsection.3.2}% 26
\BOOKMARK [3][-]{subsubsection.3.2.2}{Family and friends}{subsection.3.2}% 27
\BOOKMARK [2][-]{subsection.3.3}{Interaction Scenarious}{section.3}% 28
\BOOKMARK [3][-]{subsubsection.3.3.1}{Deaf person}{subsection.3.3}% 29
\BOOKMARK [3][-]{subsubsection.3.3.2}{Family and friends}{subsection.3.3}% 30
\BOOKMARK [2][-]{subsection.3.4}{Conceptual model}{section.3}% 31
